<?xml version="1.0" encoding="UTF-8"?>
<!-- Generated by org.testng.reporters.JUnitReportReporter -->
<testsuite skipped="0" hostname="Deepak-HP" name="launchbrowser.emicalc" tests="1" failures="0" timestamp="03 Jun 2017 09:52:52 GMT" time="24.223" errors="0">
  <testcase name="bankapp" time="24.223" classname="launchbrowser.emicalc"/>
</testsuite> <!-- launchbrowser.emicalc -->
