<?xml version="1.0" encoding="UTF-8"?>
<!-- Generated by org.testng.reporters.JUnitReportReporter -->
<testsuite hostname="Deepak-HP" name="launchbrowser.emicalc" tests="1" failures="0" timestamp="3 Jun 2017 09:53:31 GMT" time="22.890" errors="0">
  <testcase name="bankapp" time="22.890" classname="launchbrowser.emicalc"/>
</testsuite> <!-- launchbrowser.emicalc -->
