<?xml version="1.0" encoding="UTF-8"?>
<!-- Generated by org.testng.reporters.JUnitReportReporter -->
<testsuite hostname="Deepak-HP" name="launchbrowser.emicalc" tests="1" failures="0" timestamp="3 Jun 2017 10:21:45 GMT" time="0.007" errors="0">
  <testcase name="bankapp" time="0.007" classname="launchbrowser.emicalc"/>
</testsuite> <!-- launchbrowser.emicalc -->
